<?xml version="1.0" encoding="UTF-8"?>
<!-- Generated by org.testng.reporters.JUnitXMLReporter -->
<testsuite ignored="0" hostname="LAPTOP-RAQOTQJ9" failures="0" tests="1" name="Default test" time="39.901" errors="0" timestamp="2024-11-11T23:13:15 BDT">
  <testcase classname="Tests.RegistationTest" name="@BeforeClass openUrl" time="39.797">
    <failure type="com.microsoft.playwright.TimeoutError" message="Error {
  message=&amp;apos;Timeout 30000ms exceeded.
  name=&amp;apos;TimeoutError
  stack=&amp;apos;TimeoutError: Timeout 30000ms exceeded.
    at ProgressController.run (C:\Users\benny\AppData\Local\Temp\playwright-java-6075802980590446069\package\lib\server\progress.js:78:26)
    at Frame.goto (C:\Users\benny\AppData\Local\Temp\playwright-java-6075802980590446069\package\lib\server\frames.js:516:23)
    at FrameDispatcher.goto (C:\Users\benny\AppData\Local\Temp\playwright-java-6075802980590446069\package\lib\server\dispatchers\frameDispatcher.js:81:119)
    at FrameDispatcher._handleCommand (C:\Users\benny\AppData\Local\Temp\playwright-java-6075802980590446069\package\lib\server\dispatchers\dispatcher.js:94:40)
    at DispatcherConnection.dispatch (C:\Users\benny\AppData\Local\Temp\playwright-java-6075802980590446069\package\lib\server\dispatchers\dispatcher.js:361:39)
}
Call log:
- navigating to &amp;quot;https://www.othoba.com/&amp;quot;, waiting until &amp;quot;load&amp;quot;
">
      <![CDATA[com.microsoft.playwright.TimeoutError: Error {
  message='Timeout 30000ms exceeded.
  name='TimeoutError
  stack='TimeoutError: Timeout 30000ms exceeded.
    at ProgressController.run (C:\Users\benny\AppData\Local\Temp\playwright-java-6075802980590446069\package\lib\server\progress.js:78:26)
    at Frame.goto (C:\Users\benny\AppData\Local\Temp\playwright-java-6075802980590446069\package\lib\server\frames.js:516:23)
    at FrameDispatcher.goto (C:\Users\benny\AppData\Local\Temp\playwright-java-6075802980590446069\package\lib\server\dispatchers\frameDispatcher.js:81:119)
    at FrameDispatcher._handleCommand (C:\Users\benny\AppData\Local\Temp\playwright-java-6075802980590446069\package\lib\server\dispatchers\dispatcher.js:94:40)
    at DispatcherConnection.dispatch (C:\Users\benny\AppData\Local\Temp\playwright-java-6075802980590446069\package\lib\server\dispatchers\dispatcher.js:361:39)
}
Call log:
- navigating to "https://www.othoba.com/", waiting until "load"

at com.microsoft.playwright.impl.WaitableResult.get(WaitableResult.java:52)
at com.microsoft.playwright.impl.ChannelOwner.runUntil(ChannelOwner.java:132)
at com.microsoft.playwright.impl.Connection.sendMessage(Connection.java:130)
at com.microsoft.playwright.impl.ChannelOwner.sendMessage(ChannelOwner.java:118)
at com.microsoft.playwright.impl.FrameImpl.navigateImpl(FrameImpl.java:463)
at com.microsoft.playwright.impl.PageImpl.lambda$navigate$47(PageImpl.java:943)
at com.microsoft.playwright.impl.LoggingSupport.withLogging(LoggingSupport.java:47)
at com.microsoft.playwright.impl.ChannelOwner.withLogging(ChannelOwner.java:97)
at com.microsoft.playwright.impl.PageImpl.navigate(PageImpl.java:943)
at com.microsoft.playwright.impl.PageImpl.navigate(PageImpl.java:42)
at Drivers.BaseDriver.launchApplication(BaseDriver.java:48)
at Tests.RegistationTest.openUrl(RegistationTest.java:30)
at java.base/jdk.internal.reflect.DirectMethodHandleAccessor.invoke(DirectMethodHandleAccessor.java:103)
at java.base/java.lang.reflect.Method.invoke(Method.java:580)
at org.testng.internal.invokers.MethodInvocationHelper.invokeMethod(MethodInvocationHelper.java:141)
at org.testng.internal.invokers.MethodInvocationHelper.invokeMethodConsideringTimeout(MethodInvocationHelper.java:71)
at org.testng.internal.invokers.ConfigInvoker.invokeConfigurationMethod(ConfigInvoker.java:400)
at org.testng.internal.invokers.ConfigInvoker.invokeConfigurations(ConfigInvoker.java:333)
at org.testng.internal.invokers.TestMethodWorker.invokeBeforeClassMethods(TestMethodWorker.java:188)
at org.testng.internal.invokers.TestMethodWorker.run(TestMethodWorker.java:128)
at java.base/java.util.ArrayList.forEach(ArrayList.java:1596)
at org.testng.TestRunner.privateRun(TestRunner.java:739)
at org.testng.TestRunner.run(TestRunner.java:614)
at org.testng.SuiteRunner.runTest(SuiteRunner.java:421)
at org.testng.SuiteRunner.runSequentially(SuiteRunner.java:413)
at org.testng.SuiteRunner.privateRun(SuiteRunner.java:373)
at org.testng.SuiteRunner.run(SuiteRunner.java:312)
at org.testng.SuiteRunnerWorker.runSuite(SuiteRunnerWorker.java:52)
at org.testng.SuiteRunnerWorker.run(SuiteRunnerWorker.java:95)
at org.testng.TestNG.runSuitesSequentially(TestNG.java:1274)
at org.testng.TestNG.runSuitesLocally(TestNG.java:1208)
at org.testng.TestNG.runSuites(TestNG.java:1112)
at org.testng.TestNG.run(TestNG.java:1079)
at org.testng.remote.AbstractRemoteTestNG.run(AbstractRemoteTestNG.java:115)
at org.testng.remote.RemoteTestNG.initAndRun(RemoteTestNG.java:293)
at org.testng.remote.RemoteTestNG.main(RemoteTestNG.java:91)
Caused by: com.microsoft.playwright.TimeoutError: Error {
  message='Timeout 30000ms exceeded.
  name='TimeoutError
  stack='TimeoutError: Timeout 30000ms exceeded.
    at ProgressController.run (C:\Users\benny\AppData\Local\Temp\playwright-java-6075802980590446069\package\lib\server\progress.js:78:26)
    at Frame.goto (C:\Users\benny\AppData\Local\Temp\playwright-java-6075802980590446069\package\lib\server\frames.js:516:23)
    at FrameDispatcher.goto (C:\Users\benny\AppData\Local\Temp\playwright-java-6075802980590446069\package\lib\server\dispatchers\frameDispatcher.js:81:119)
    at FrameDispatcher._handleCommand (C:\Users\benny\AppData\Local\Temp\playwright-java-6075802980590446069\package\lib\server\dispatchers\dispatcher.js:94:40)
    at DispatcherConnection.dispatch (C:\Users\benny\AppData\Local\Temp\playwright-java-6075802980590446069\package\lib\server\dispatchers\dispatcher.js:361:39)
}
Call log:
- navigating to "https://www.othoba.com/", waiting until "load"

at com.microsoft.playwright.impl.Connection.dispatch(Connection.java:254)
at com.microsoft.playwright.impl.Connection.processOneMessage(Connection.java:211)
at com.microsoft.playwright.impl.ChannelOwner.runUntil(ChannelOwner.java:130)
... 34 more
]]>
    </failure>
  </testcase> <!-- @BeforeClass openUrl -->
  <testcase classname="Tests.RegistationTest" name="@AfterClass afterClass" time="0.0">
    <skipped/>
  </testcase> <!-- @AfterClass afterClass -->
  <testcase classname="Tests.RegistationTest" name="registation" time="0.001">
    <skipped/>
  </testcase> <!-- registation -->
</testsuite> <!-- Default test -->
