<?xml version="1.0" encoding="UTF-8"?>
<testng-results ignored="0" total="2" passed="2" failed="0" skipped="0">
  <reporter-output>
  </reporter-output>
  <suite started-at="2024-11-14T09:45:05 BDT" name="suite" finished-at="2024-11-14T09:47:31 BDT" duration-ms="145912">
    <groups>
    </groups>
    <test started-at="2024-11-14T09:45:05 BDT" name="Automation" finished-at="2024-11-14T09:47:31 BDT" duration-ms="145912">
      <class name="Tests.RegistationTest">
        <test-method is-config="true" signature="openUrl(java.lang.String,java.lang.String,java.lang.String)[pri:0, instance:Tests.RegistationTest@799f10e1]" started-at="2024-11-14T09:46:31 BDT" name="openUrl" finished-at="2024-11-14T09:46:52 BDT" duration-ms="20536" status="PASS">
          <params>
            <param index="0">
              <value>
                <![CDATA[https://www.othoba.com]]>
              </value>
            </param>
            <param index="1">
              <value>
                <![CDATA[chromium]]>
              </value>
            </param>
            <param index="2">
              <value>
                <![CDATA[false]]>
              </value>
            </param>
          </params>
          <reporter-output>
          </reporter-output>
        </test-method> <!-- openUrl -->
        <test-method signature="registation()[pri:0, instance:Tests.RegistationTest@799f10e1]" started-at="2024-11-14T09:46:52 BDT" name="registation" finished-at="2024-11-14T09:47:31 BDT" duration-ms="38880" status="PASS">
          <reporter-output>
          </reporter-output>
        </test-method> <!-- registation -->
        <test-method is-config="true" signature="afterClass()[pri:0, instance:Tests.RegistationTest@799f10e1]" started-at="2024-11-14T09:47:31 BDT" name="afterClass" finished-at="2024-11-14T09:47:31 BDT" duration-ms="604" status="PASS">
          <reporter-output>
          </reporter-output>
        </test-method> <!-- afterClass -->
      </class> <!-- Tests.RegistationTest -->
      <class name="Tests.LoginTest">
        <test-method is-config="true" signature="openUrl(java.lang.String,java.lang.String,java.lang.String)[pri:0, instance:Tests.LoginTest@351d00c0]" started-at="2024-11-14T09:45:05 BDT" name="openUrl" finished-at="2024-11-14T09:45:33 BDT" duration-ms="27436" status="PASS">
          <params>
            <param index="0">
              <value>
                <![CDATA[https://www.othoba.com]]>
              </value>
            </param>
            <param index="1">
              <value>
                <![CDATA[chromium]]>
              </value>
            </param>
            <param index="2">
              <value>
                <![CDATA[false]]>
              </value>
            </param>
          </params>
          <reporter-output>
          </reporter-output>
        </test-method> <!-- openUrl -->
        <test-method signature="signIn()[pri:0, instance:Tests.LoginTest@351d00c0]" started-at="2024-11-14T09:45:33 BDT" name="signIn" finished-at="2024-11-14T09:46:30 BDT" duration-ms="57118" status="PASS">
          <reporter-output>
          </reporter-output>
        </test-method> <!-- signIn -->
        <test-method is-config="true" signature="afterClass()[pri:0, instance:Tests.LoginTest@351d00c0]" started-at="2024-11-14T09:46:30 BDT" name="afterClass" finished-at="2024-11-14T09:46:31 BDT" duration-ms="1280" status="PASS">
          <reporter-output>
          </reporter-output>
        </test-method> <!-- afterClass -->
      </class> <!-- Tests.LoginTest -->
    </test> <!-- Automation -->
  </suite> <!-- suite -->
</testng-results>
